0 verbose cli /usr/bin/node /usr/bin/npm
1 info using npm@9.6.7
2 info using node@v18.16.0
3 timing npm:load:whichnode Completed in 1ms
4 timing config:load:defaults Completed in 1ms
5 timing config:load:file:/usr/lib/node_modules/npm/npmrc Completed in 0ms
6 timing config:load:builtin Completed in 0ms
7 timing config:load:cli Completed in 1ms
8 timing config:load:env Completed in 0ms
9 timing config:load:project Completed in 2ms
10 timing config:load:file:/var/www/html/.npmrc Completed in 1ms
11 timing config:load:user Completed in 1ms
12 timing config:load:file:/usr/etc/npmrc Completed in 0ms
13 timing config:load:global Completed in 0ms
14 timing config:load:setEnvs Completed in 0ms
15 timing config:load Completed in 5ms
16 timing npm:load:configload Completed in 5ms
17 timing npm:load:mkdirpcache Completed in 1ms
18 timing npm:load:mkdirplogs Completed in 0ms
19 verbose title npm i
20 verbose argv "i"
21 timing npm:load:setTitle Completed in 1ms
22 timing config:load:flatten Completed in 1ms
23 timing npm:load:display Completed in 1ms
24 verbose logfile logs-max:10 dir:/var/www/html/.npm/_logs/2023-06-07T09_25_35_054Z-
25 verbose logfile /var/www/html/.npm/_logs/2023-06-07T09_25_35_054Z-debug-0.log
26 timing npm:load:logFile Completed in 7ms
27 timing npm:load:timers Completed in 0ms
28 timing npm:load:configScope Completed in 0ms
29 timing npm:load Completed in 17ms
30 timing arborist:ctor Completed in 0ms
31 silly logfile done cleaning log files
32 timing idealTree:init Completed in 55ms
33 timing idealTree:userRequests Completed in 0ms
34 silly idealTree buildDeps
35 timing idealTree:#root Completed in 0ms
36 timing idealTree:buildDeps Completed in 1ms
37 timing idealTree:fixDepFlags Completed in 0ms
38 timing idealTree Completed in 59ms
39 timing arborist:ctor Completed in 0ms
40 timing reify:loadTrees Completed in 86ms
41 timing reify:diffTrees Completed in 7ms
42 silly reify moves {}
43 timing reify:retireShallow Completed in 1ms
44 timing reify:createSparse Completed in 5ms
45 timing reify:loadBundles Completed in 0ms
46 silly audit bulk request {
46 silly audit   '@alloc/quick-lru': [ '5.2.0' ],
46 silly audit   '@babel/parser': [ '7.22.4' ],
46 silly audit   '@esbuild/android-arm': [ '0.17.19' ],
46 silly audit   '@esbuild/android-arm64': [ '0.17.19' ],
46 silly audit   '@esbuild/android-x64': [ '0.17.19' ],
46 silly audit   '@esbuild/darwin-arm64': [ '0.17.19' ],
46 silly audit   '@esbuild/darwin-x64': [ '0.17.19' ],
46 silly audit   '@esbuild/freebsd-arm64': [ '0.17.19' ],
46 silly audit   '@esbuild/freebsd-x64': [ '0.17.19' ],
46 silly audit   '@esbuild/linux-arm': [ '0.17.19' ],
46 silly audit   '@esbuild/linux-arm64': [ '0.17.19' ],
46 silly audit   '@esbuild/linux-ia32': [ '0.17.19' ],
46 silly audit   '@esbuild/linux-loong64': [ '0.17.19' ],
46 silly audit   '@esbuild/linux-mips64el': [ '0.17.19' ],
46 silly audit   '@esbuild/linux-ppc64': [ '0.17.19' ],
46 silly audit   '@esbuild/linux-riscv64': [ '0.17.19' ],
46 silly audit   '@esbuild/linux-s390x': [ '0.17.19' ],
46 silly audit   '@esbuild/linux-x64': [ '0.17.19' ],
46 silly audit   '@esbuild/netbsd-x64': [ '0.17.19' ],
46 silly audit   '@esbuild/openbsd-x64': [ '0.17.19' ],
46 silly audit   '@esbuild/sunos-x64': [ '0.17.19' ],
46 silly audit   '@esbuild/win32-arm64': [ '0.17.19' ],
46 silly audit   '@esbuild/win32-ia32': [ '0.17.19' ],
46 silly audit   '@esbuild/win32-x64': [ '0.17.19' ],
46 silly audit   '@jridgewell/gen-mapping': [ '0.3.3' ],
46 silly audit   '@jridgewell/resolve-uri': [ '3.1.0' ],
46 silly audit   '@jridgewell/set-array': [ '1.1.2' ],
46 silly audit   '@jridgewell/sourcemap-codec': [ '1.4.15', '1.4.14' ],
46 silly audit   '@jridgewell/trace-mapping': [ '0.3.18' ],
46 silly audit   '@nodelib/fs.scandir': [ '2.1.5' ],
46 silly audit   '@nodelib/fs.stat': [ '2.0.5' ],
46 silly audit   '@nodelib/fs.walk': [ '1.2.8' ],
46 silly audit   '@tailwindcss/forms': [ '0.5.3' ],
46 silly audit   '@tailwindcss/typography': [ '0.5.9' ],
46 silly audit   '@vitejs/plugin-vue': [ '4.2.3' ],
46 silly audit   '@vue/compiler-core': [ '3.3.4' ],
46 silly audit   '@vue/shared': [ '3.3.4', '3.1.5' ],
46 silly audit   '@vue/compiler-dom': [ '3.3.4' ],
46 silly audit   '@vue/compiler-sfc': [ '3.3.4' ],
46 silly audit   '@vue/compiler-ssr': [ '3.3.4' ],
46 silly audit   '@vue/reactivity': [ '3.1.5', '3.3.4' ],
46 silly audit   '@vue/reactivity-transform': [ '3.3.4' ],
46 silly audit   '@vue/runtime-core': [ '3.3.4' ],
46 silly audit   '@vue/runtime-dom': [ '3.3.4' ],
46 silly audit   '@vue/server-renderer': [ '3.3.4' ],
46 silly audit   alpinejs: [ '3.12.2' ],
46 silly audit   'any-promise': [ '1.3.0' ],
46 silly audit   anymatch: [ '3.1.3' ],
46 silly audit   arg: [ '5.0.2' ],
46 silly audit   asynckit: [ '0.4.0' ],
46 silly audit   autoprefixer: [ '10.4.14' ],
46 silly audit   axios: [ '1.4.0' ],
46 silly audit   'balanced-match': [ '1.0.2' ],
46 silly audit   'binary-extensions': [ '2.2.0' ],
46 silly audit   'brace-expansion': [ '1.1.11' ],
46 silly audit   braces: [ '3.0.2' ],
46 silly audit   browserslist: [ '4.21.7' ],
46 silly audit   'camelcase-css': [ '2.0.1' ],
46 silly audit   'caniuse-lite': [ '1.0.30001495' ],
46 silly audit   chokidar: [ '3.5.3' ],
46 silly audit   'glob-parent': [ '5.1.2', '6.0.2' ],
46 silly audit   'combined-stream': [ '1.0.8' ],
46 silly audit   commander: [ '4.1.1' ],
46 silly audit   'concat-map': [ '0.0.1' ],
46 silly audit   cssesc: [ '3.0.0' ],
46 silly audit   csstype: [ '3.1.2' ],
46 silly audit   'delayed-stream': [ '1.0.0' ],
46 silly audit   didyoumean: [ '1.2.2' ],
46 silly audit   dlv: [ '1.1.3' ],
46 silly audit   dotenv: [ '16.1.4' ],
46 silly audit   'electron-to-chromium': [ '1.4.421' ],
46 silly audit   esbuild: [ '0.17.19' ],
46 silly audit   escalade: [ '3.1.1' ],
46 silly audit   'estree-walker': [ '2.0.2' ],
46 silly audit   'fast-glob': [ '3.2.12' ],
46 silly audit   fastq: [ '1.15.0' ],
46 silly audit   'fill-range': [ '7.0.1' ],
46 silly audit   'follow-redirects': [ '1.15.2' ],
46 silly audit   'form-data': [ '4.0.0' ],
46 silly audit   'fraction.js': [ '4.2.0' ],
46 silly audit   'fs.realpath': [ '1.0.0' ],
46 silly audit   fsevents: [ '2.3.2' ],
46 silly audit   'function-bind': [ '1.1.1' ],
46 silly audit   glob: [ '7.1.6' ],
46 silly audit   has: [ '1.0.3' ],
46 silly audit   inflight: [ '1.0.6' ],
46 silly audit   inherits: [ '2.0.4' ],
46 silly audit   'is-binary-path': [ '2.1.0' ],
46 silly audit   'is-core-module': [ '2.12.1' ],
46 silly audit   'is-extglob': [ '2.1.1' ],
46 silly audit   'is-glob': [ '4.0.3' ],
46 silly audit   'is-number': [ '7.0.0' ],
46 silly audit   jiti: [ '1.18.2' ],
46 silly audit   'laravel-vite-plugin': [ '0.7.8' ],
46 silly audit   lilconfig: [ '2.1.0' ],
46 silly audit   'lines-and-columns': [ '1.2.4' ],
46 silly audit   lodash: [ '4.17.21' ],
46 silly audit   'lodash.castarray': [ '4.4.0' ],
46 silly audit   'lodash.isplainobject': [ '4.0.6' ],
46 silly audit   'lodash.merge': [ '4.6.2' ],
46 silly audit   'magic-string': [ '0.30.0' ],
46 silly audit   merge2: [ '1.4.1' ],
46 silly audit   micromatch: [ '4.0.5' ],
46 silly audit   'mime-db': [ '1.52.0' ],
46 silly audit   'mime-types': [ '2.1.35' ],
46 silly audit   'mini-svg-data-uri': [ '1.4.4' ],
46 silly audit   minimatch: [ '3.1.2' ],
46 silly audit   mz: [ '2.7.0' ],
46 silly audit   nanoid: [ '3.3.6' ],
46 silly audit   'node-releases': [ '2.0.12' ],
46 silly audit   'normalize-path': [ '3.0.0' ],
46 silly audit   'normalize-range': [ '0.1.2' ],
46 silly audit   'object-assign': [ '4.1.1' ],
46 silly audit   'object-hash': [ '3.0.0' ],
46 silly audit   once: [ '1.4.0' ],
46 silly audit   'path-is-absolute': [ '1.0.1' ],
46 silly audit   'path-parse': [ '1.0.7' ],
46 silly audit   picocolors: [ '1.0.0' ],
46 silly audit   picomatch: [ '2.3.1' ],
46 silly audit   pify: [ '2.3.0' ],
46 silly audit   pirates: [ '4.0.5' ],
46 silly audit   postcss: [ '8.4.24' ],
46 silly audit   'postcss-import': [ '15.1.0' ],
46 silly audit   'postcss-js': [ '4.0.1' ],
46 silly audit   'postcss-load-config': [ '4.0.1' ],
46 silly audit   'postcss-nested': [ '6.0.1' ],
46 silly audit   'postcss-selector-parser': [ '6.0.13', '6.0.10' ],
46 silly audit   'postcss-value-parser': [ '4.2.0' ],
46 silly audit   'proxy-from-env': [ '1.1.0' ],
46 silly audit   'queue-microtask': [ '1.2.3' ],
46 silly audit   'read-cache': [ '1.0.0' ],
46 silly audit   readdirp: [ '3.6.0' ],
46 silly audit   resolve: [ '1.22.2' ],
46 silly audit   reusify: [ '1.0.4' ],
46 silly audit   rollup: [ '3.23.1' ],
46 silly audit   'run-parallel': [ '1.2.0' ],
46 silly audit   'source-map-js': [ '1.0.2' ],
46 silly audit   sucrase: [ '3.32.0' ],
46 silly audit   'supports-preserve-symlinks-flag': [ '1.0.0' ],
46 silly audit   tailwindcss: [ '3.3.2' ],
46 silly audit   thenify: [ '3.3.1' ],
46 silly audit   'thenify-all': [ '1.6.0' ],
46 silly audit   'to-regex-range': [ '5.0.1' ],
46 silly audit   'ts-interface-checker': [ '0.1.13' ],
46 silly audit   'update-browserslist-db': [ '1.0.11' ],
46 silly audit   'util-deprecate': [ '1.0.2' ],
46 silly audit   vite: [ '4.3.9' ],
46 silly audit   'vite-plugin-full-reload': [ '1.0.5' ],
46 silly audit   vue: [ '3.3.4' ],
46 silly audit   wrappy: [ '1.0.2' ],
46 silly audit   yaml: [ '2.3.1' ]
46 silly audit }
47 verbose reify failed optional dependency /var/www/html/node_modules/@esbuild/win32-x64
48 silly reify mark deleted [ '/var/www/html/node_modules/@esbuild/win32-x64' ]
49 verbose reify failed optional dependency /var/www/html/node_modules/@esbuild/win32-ia32
50 silly reify mark deleted [ '/var/www/html/node_modules/@esbuild/win32-ia32' ]
51 verbose reify failed optional dependency /var/www/html/node_modules/@esbuild/win32-arm64
52 silly reify mark deleted [ '/var/www/html/node_modules/@esbuild/win32-arm64' ]
53 verbose reify failed optional dependency /var/www/html/node_modules/@esbuild/sunos-x64
54 silly reify mark deleted [ '/var/www/html/node_modules/@esbuild/sunos-x64' ]
55 verbose reify failed optional dependency /var/www/html/node_modules/@esbuild/openbsd-x64
56 silly reify mark deleted [ '/var/www/html/node_modules/@esbuild/openbsd-x64' ]
57 verbose reify failed optional dependency /var/www/html/node_modules/@esbuild/netbsd-x64
58 silly reify mark deleted [ '/var/www/html/node_modules/@esbuild/netbsd-x64' ]
59 verbose reify failed optional dependency /var/www/html/node_modules/@esbuild/linux-x64
60 silly reify mark deleted [ '/var/www/html/node_modules/@esbuild/linux-x64' ]
61 verbose reify failed optional dependency /var/www/html/node_modules/@esbuild/linux-s390x
62 silly reify mark deleted [ '/var/www/html/node_modules/@esbuild/linux-s390x' ]
63 verbose reify failed optional dependency /var/www/html/node_modules/@esbuild/linux-riscv64
64 silly reify mark deleted [ '/var/www/html/node_modules/@esbuild/linux-riscv64' ]
65 verbose reify failed optional dependency /var/www/html/node_modules/@esbuild/linux-ppc64
66 silly reify mark deleted [ '/var/www/html/node_modules/@esbuild/linux-ppc64' ]
67 verbose reify failed optional dependency /var/www/html/node_modules/@esbuild/linux-mips64el
68 silly reify mark deleted [ '/var/www/html/node_modules/@esbuild/linux-mips64el' ]
69 verbose reify failed optional dependency /var/www/html/node_modules/@esbuild/linux-loong64
70 silly reify mark deleted [ '/var/www/html/node_modules/@esbuild/linux-loong64' ]
71 verbose reify failed optional dependency /var/www/html/node_modules/@esbuild/linux-ia32
72 silly reify mark deleted [ '/var/www/html/node_modules/@esbuild/linux-ia32' ]
73 verbose reify failed optional dependency /var/www/html/node_modules/@esbuild/linux-arm
74 silly reify mark deleted [ '/var/www/html/node_modules/@esbuild/linux-arm' ]
75 verbose reify failed optional dependency /var/www/html/node_modules/@esbuild/freebsd-x64
76 silly reify mark deleted [ '/var/www/html/node_modules/@esbuild/freebsd-x64' ]
77 verbose reify failed optional dependency /var/www/html/node_modules/@esbuild/freebsd-arm64
78 silly reify mark deleted [ '/var/www/html/node_modules/@esbuild/freebsd-arm64' ]
79 verbose reify failed optional dependency /var/www/html/node_modules/@esbuild/darwin-x64
80 silly reify mark deleted [ '/var/www/html/node_modules/@esbuild/darwin-x64' ]
81 verbose reify failed optional dependency /var/www/html/node_modules/@esbuild/android-x64
82 silly reify mark deleted [ '/var/www/html/node_modules/@esbuild/android-x64' ]
83 verbose reify failed optional dependency /var/www/html/node_modules/@esbuild/android-arm64
84 silly reify mark deleted [ '/var/www/html/node_modules/@esbuild/android-arm64' ]
85 verbose reify failed optional dependency /var/www/html/node_modules/@esbuild/android-arm
86 silly reify mark deleted [ '/var/www/html/node_modules/@esbuild/android-arm' ]
87 timing reifyNode:node_modules/@esbuild/win32-x64 Completed in 11ms
88 timing reifyNode:node_modules/@esbuild/win32-ia32 Completed in 11ms
89 timing reifyNode:node_modules/@esbuild/win32-arm64 Completed in 11ms
90 timing reifyNode:node_modules/@esbuild/sunos-x64 Completed in 11ms
91 timing reifyNode:node_modules/@esbuild/openbsd-x64 Completed in 11ms
92 timing reifyNode:node_modules/@esbuild/netbsd-x64 Completed in 11ms
93 timing reifyNode:node_modules/@esbuild/linux-x64 Completed in 11ms
94 timing reifyNode:node_modules/@esbuild/linux-s390x Completed in 12ms
95 timing reifyNode:node_modules/@esbuild/linux-riscv64 Completed in 12ms
96 timing reifyNode:node_modules/@esbuild/linux-ppc64 Completed in 11ms
97 timing reifyNode:node_modules/@esbuild/linux-mips64el Completed in 11ms
98 timing reifyNode:node_modules/@esbuild/linux-loong64 Completed in 11ms
99 timing reifyNode:node_modules/@esbuild/linux-ia32 Completed in 11ms
100 timing reifyNode:node_modules/@esbuild/linux-arm Completed in 11ms
101 timing reifyNode:node_modules/@esbuild/freebsd-x64 Completed in 11ms
102 timing reifyNode:node_modules/@esbuild/freebsd-arm64 Completed in 12ms
103 timing reifyNode:node_modules/@esbuild/darwin-x64 Completed in 12ms
104 timing reifyNode:node_modules/@esbuild/android-x64 Completed in 12ms
105 timing reifyNode:node_modules/@esbuild/android-arm64 Completed in 13ms
106 timing reifyNode:node_modules/@esbuild/android-arm Completed in 13ms
107 silly tarball no local data for @esbuild/linux-arm64@https://registry.npmjs.org/@esbuild/linux-arm64/-/linux-arm64-0.17.19.tgz. Extracting by manifest.
108 http fetch POST 200 https://registry.npmjs.org/-/npm/v1/security/advisories/bulk 356ms
109 timing auditReport:getReport Completed in 360ms
110 silly audit report {}
111 timing auditReport:init Completed in 0ms
112 timing reify:audit Completed in 361ms
113 http fetch GET 200 https://registry.npmjs.org/npm 654ms (cache miss)
114 http fetch GET 200 https://registry.npmjs.org/@esbuild/linux-arm64/-/linux-arm64-0.17.19.tgz 776ms (cache miss)
115 timing reifyNode:node_modules/@esbuild/linux-arm64 Completed in 793ms
116 timing reify:unpack Completed in 794ms
117 timing reify:unretire Completed in 0ms
118 timing build:queue Completed in 1ms
119 timing build:deps Completed in 1ms
120 timing build Completed in 1ms
121 timing reify:build Completed in 1ms
122 timing reify:trash Completed in 3ms
123 timing reify:save Completed in 27ms
124 timing reify Completed in 975ms
125 silly ADD
126 silly ADD
127 silly ADD
128 silly ADD
129 silly ADD
130 silly ADD
131 silly ADD
132 silly ADD
133 silly ADD
134 silly ADD
135 silly ADD
136 silly ADD
137 silly ADD
138 silly ADD node_modules/@esbuild/linux-arm64
139 silly ADD
140 silly ADD
141 silly ADD
142 silly ADD
143 silly ADD
144 silly ADD
145 silly ADD
146 timing command:i Completed in 986ms
147 verbose exit 0
148 timing npm Completed in 1090ms
149 info ok
